#
# There is insufficient memory for the Java Runtime Environment to continue.
# Native memory allocation (malloc) failed to allocate 1048576 bytes for AllocateHeap
# Possible reasons:
#   The system is out of physical RAM or swap space
#   The process is running with CompressedOops enabled, and the Java Heap may be blocking the growth of the native heap
# Possible solutions:
#   Reduce memory load on the system
#   Increase physical memory or swap space
#   Check if swap backing store is full
#   Decrease Java heap size (-Xmx/-Xms)
#   Decrease number of Java threads
#   Decrease Java thread stack sizes (-Xss)
#   Set larger code cache with -XX:ReservedCodeCacheSize=
#   JVM is running with Unscaled Compressed Oops mode in which the Java heap is
#     placed in the first 4GB address space. The Java Heap base address is the
#     maximum limit for the native heap growth. Please use -XX:HeapBaseMinAddress
#     to set the Java Heap base and to place the Java Heap above 4GB virtual address.
# This output file may be truncated or incomplete.
#
#  Out of Memory Error (allocation.cpp:44), pid=8928, tid=22876
#
# JRE version: OpenJDK Runtime Environment Temurin-17.0.10+7 (17.0.10+7) (build 17.0.10+7)
# Java VM: OpenJDK 64-Bit Server VM Temurin-17.0.10+7 (17.0.10+7, mixed mode, emulated-client, tiered, compressed oops, compressed class ptrs, g1 gc, windows-amd64)
# No core dump will be written. Minidumps are not enabled by default on client versions of Windows
#

---------------  S U M M A R Y ------------

Command Line: -XX:+HeapDumpOnOutOfMemoryError -Xmx1024m -Dsts.lsp.client=vscode -Dsts.log.file=/dev/null -XX:TieredStopAtLevel=1 -Xlog:jni+resolve=off -Dspring.config.location=file:c:\Users\user\.vscode\extensions\vmware.vscode-spring-boot-1.52.0\language-server\BOOT-INF\classes\application.properties org.springframework.ide.vscode.boot.app.BootLanguageServerBootApp

Host: Intel(R) Pentium(R) CPU G4560 @ 3.50GHz, 4 cores, 15G,  Windows 10 , 64 bit Build 19041 (10.0.19041.3570)
Time: Tue Feb 20 11:11:58 2024 SE Asia Standard Time elapsed time: 7252.337642 seconds (0d 2h 0m 52s)

---------------  T H R E A D  ---------------

Current thread (0x000001dd7f778360):  VMThread "VM Thread" [stack: 0x00000021fbb00000,0x00000021fbc00000] [id=22876]

Stack: [0x00000021fbb00000,0x00000021fbc00000]
Native frames: (J=compiled Java code, j=interpreted, Vv=VM code, C=native code)
V  [jvm.dll+0x67d2c9]
V  [jvm.dll+0x834afa]
V  [jvm.dll+0x8365be]
V  [jvm.dll+0x836c23]
V  [jvm.dll+0x2477ff]
V  [jvm.dll+0xa6c93]
V  [jvm.dll+0x2f8663]
V  [jvm.dll+0x2f42e0]
V  [jvm.dll+0x2dc8c7]
V  [jvm.dll+0x31fb87]
V  [jvm.dll+0x83b11b]
V  [jvm.dll+0x83be61]
V  [jvm.dll+0x83c37d]
V  [jvm.dll+0x83c754]
V  [jvm.dll+0x83c820]
V  [jvm.dll+0x7e3fba]
V  [jvm.dll+0x67c1b5]
C  [ucrtbase.dll+0x21bb2]
C  [KERNEL32.DLL+0x17344]
C  [ntdll.dll+0x526b1]

VM_Operation (0x00000021fcefe8c0): G1CollectFull, mode: safepoint, requested by thread 0x000001dd08237320


---------------  P R O C E S S  ---------------

Threads class SMR info:
_java_thread_list=0x000001dd09425ae0, length=23, elements={
0x000001dd7f77b780, 0x000001dd7f77c600, 0x000001dd7f7baa30, 0x000001dd7f7bc560,
0x000001dd7f7bcf20, 0x000001dd7f7be800, 0x000001dd7f7bf180, 0x000001dd7f7bfa90,
0x000001dd7f9cdc00, 0x000001dd7f9d0b40, 0x000001dd08299a70, 0x000001dd08237320,
0x000001dd083ad420, 0x000001dd76202980, 0x000001dd082545a0, 0x000001dd078e7810,
0x000001dd07627030, 0x000001dd07627510, 0x000001dd076279f0, 0x000001dd07794080,
0x000001dd077959d0, 0x000001dd07795ee0, 0x000001dd07796e10
}

Java Threads: ( => current thread )
  0x000001dd7f77b780 JavaThread "Reference Handler" daemon [_thread_blocked, id=18204, stack(0x00000021fbc00000,0x00000021fbd00000)]
  0x000001dd7f77c600 JavaThread "Finalizer" daemon [_thread_blocked, id=24456, stack(0x00000021fbd00000,0x00000021fbe00000)]
  0x000001dd7f7baa30 JavaThread "Signal Dispatcher" daemon [_thread_blocked, id=23480, stack(0x00000021fbe00000,0x00000021fbf00000)]
  0x000001dd7f7bc560 JavaThread "Attach Listener" daemon [_thread_blocked, id=6084, stack(0x00000021fbf00000,0x00000021fc000000)]
  0x000001dd7f7bcf20 JavaThread "Service Thread" daemon [_thread_blocked, id=14548, stack(0x00000021fc000000,0x00000021fc100000)]
  0x000001dd7f7be800 JavaThread "Monitor Deflation Thread" daemon [_thread_blocked, id=12744, stack(0x00000021fc100000,0x00000021fc200000)]
  0x000001dd7f7bf180 JavaThread "C1 CompilerThread0" daemon [_thread_blocked, id=12480, stack(0x00000021fc200000,0x00000021fc300000)]
  0x000001dd7f7bfa90 JavaThread "Sweeper thread" daemon [_thread_blocked, id=2636, stack(0x00000021fc300000,0x00000021fc400000)]
  0x000001dd7f9cdc00 JavaThread "Notification Thread" daemon [_thread_blocked, id=23600, stack(0x00000021fc400000,0x00000021fc500000)]
  0x000001dd7f9d0b40 JavaThread "Common-Cleaner" daemon [_thread_blocked, id=3940, stack(0x00000021fc600000,0x00000021fc700000)]
  0x000001dd08299a70 JavaThread "boundedElastic-evictor-1" daemon [_thread_blocked, id=11828, stack(0x00000021fcb00000,0x00000021fcc00000)]
  0x000001dd08237320 JavaThread "pool-12-thread-1" [_thread_blocked, id=15148, stack(0x00000021fce00000,0x00000021fcf00000)]
  0x000001dd083ad420 JavaThread "LanguageServerApp-lifecycle" [_thread_blocked, id=17684, stack(0x00000021fcf00000,0x00000021fd000000)]
  0x000001dd76202980 JavaThread "DestroyJavaVM" [_thread_blocked, id=14544, stack(0x00000021fb500000,0x00000021fb600000)]
  0x000001dd082545a0 JavaThread "pool-13-thread-1" [_thread_in_native, id=1940, stack(0x00000021fd000000,0x00000021fd100000)]
  0x000001dd078e7810 JavaThread "Simple-Language-Server main thread" daemon [_thread_blocked, id=16588, stack(0x00000021fd100000,0x00000021fd200000)]
  0x000001dd07627030 JavaThread "pool-8-thread-1" [_thread_blocked, id=16356, stack(0x00000021fd200000,0x00000021fd300000)]
  0x000001dd07627510 JavaThread "parallel-1" daemon [_thread_blocked, id=22160, stack(0x00000021fd300000,0x00000021fd400000)]
  0x000001dd076279f0 JavaThread "parallel-2" daemon [_thread_blocked, id=3584, stack(0x00000021fd400000,0x00000021fd500000)]
  0x000001dd07794080 JavaThread "pool-6-thread-1" [_thread_blocked, id=20256, stack(0x00000021fd500000,0x00000021fd600000)]
  0x000001dd077959d0 JavaThread "parallel-3" daemon [_thread_blocked, id=9036, stack(0x00000021fd600000,0x00000021fd700000)]
  0x000001dd07795ee0 JavaThread "parallel-4" daemon [_thread_blocked, id=5188, stack(0x00000021fd700000,0x00000021fd800000)]
  0x000001dd07796e10 JavaThread "Reconciler-1" daemon [_thread_blocked, id=4392, stack(0x00000021fdd00000,0x00000021fde00000)]

Other Threads:
=>0x000001dd7f778360 VMThread "VM Thread" [stack: 0x00000021fbb00000,0x00000021fbc00000] [id=22876]
  0x000001dd7f9ce0e0 WatcherThread [stack: 0x00000021fc500000,0x00000021fc600000] [id=15000]
  0x000001dd7623f8b0 GCTaskThread "GC Thread#0" [stack: 0x00000021fb600000,0x00000021fb700000] [id=24120]
  0x000001dd0711f740 GCTaskThread "GC Thread#1" [stack: 0x00000021fc700000,0x00000021fc800000] [id=8688]
  0x000001dd0711fa00 GCTaskThread "GC Thread#2" [stack: 0x00000021fc800000,0x00000021fc900000] [id=19480]
  0x000001dd0711fcc0 GCTaskThread "GC Thread#3" [stack: 0x00000021fc900000,0x00000021fca00000] [id=992]
  0x000001dd76248800 ConcurrentGCThread "G1 Main Marker" [stack: 0x00000021fb700000,0x00000021fb800000] [id=7116]
  0x000001dd76249230 ConcurrentGCThread "G1 Conc#0" [stack: 0x00000021fb800000,0x00000021fb900000] [id=10420]
  0x000001dd762ae970 ConcurrentGCThread "G1 Refine#0" [stack: 0x00000021fb900000,0x00000021fba00000] [id=2508]
  0x000001dd07f71c40 ConcurrentGCThread "G1 Refine#1" [stack: 0x00000021fcd00000,0x00000021fce00000] [id=14744]
  0x000001dd7f5e4550 ConcurrentGCThread "G1 Service" [stack: 0x00000021fba00000,0x00000021fbb00000] [id=6384]

Threads with active compile tasks:

VM state: at safepoint (normal execution)

VM Mutex/Monitor currently owned by a thread:  ([mutex/lock_event])
[0x000001dd75fa5870] Threads_lock - owner thread: 0x000001dd7f778360
[0x000001dd76200580] Heap_lock - owner thread: 0x000001dd08237320

Heap address: 0x00000000c0000000, size: 1024 MB, Compressed Oops mode: 32-bit

CDS archive(s) not mapped
Compressed class space mapped at: 0x0000000100000000-0x0000000140000000, reserved size: 1073741824
Narrow klass base: 0x0000000000000000, Narrow klass shift: 3, Narrow klass range: 0x140000000

GC Precious Log:
 CPUs: 4 total, 4 available
 Memory: 16343M
 Large Page Support: Disabled
 NUMA Support: Disabled
 Compressed Oops: Enabled (32-bit)
 Heap Region Size: 1M
 Heap Min Capacity: 8M
 Heap Initial Capacity: 256M
 Heap Max Capacity: 1G
 Pre-touch: Disabled
 Parallel Workers: 4
 Concurrent Workers: 1
 Concurrent Refinement Workers: 4
 Periodic GC: Disabled

Heap:
 garbage-first heap   total 92160K, used 39147K [0x00000000c0000000, 0x0000000100000000)
  region size 1024K, 1 young (1024K), 0 survivors (0K)
 Metaspace       used 57974K, committed 58688K, reserved 1114112K
  class space    used 7183K, committed 7488K, reserved 1048576K

Heap Regions: E=young(eden), S=young(survivor), O=old, HS=humongous(starts), HC=humongous(continues), CS=collection set, F=free, OA=open archive, CA=closed archive, TAMS=top-at-mark-start (previous, next)
|   0|0x00000000c0000000, 0x00000000c0100000, 0x00000000c0100000|100%|HS|  |TAMS 0x00000000c0100000, 0x00000000c0000000| Untracked 
|   1|0x00000000c0100000, 0x00000000c0200000, 0x00000000c0200000|100%|HC|  |TAMS 0x00000000c0200000, 0x00000000c0100000| Untracked 
|   2|0x00000000c0200000, 0x00000000c0300000, 0x00000000c0300000|100%|HC|  |TAMS 0x00000000c0300000, 0x00000000c0200000| Untracked 
|   3|0x00000000c0300000, 0x00000000c0400000, 0x00000000c0400000|100%|HC|  |TAMS 0x00000000c0400000, 0x00000000c0300000| Untracked 
|   4|0x00000000c0400000, 0x00000000c04ffff8, 0x00000000c0500000| 99%| O|  |TAMS 0x00000000c04ffff8, 0x00000000c0400000| Untracked 
|   5|0x00000000c0500000, 0x00000000c0600000, 0x00000000c0600000|100%| O|  |TAMS 0x00000000c0600000, 0x00000000c0500000| Untracked 
|   6|0x00000000c0600000, 0x00000000c0700000, 0x00000000c0700000|100%| O|  |TAMS 0x00000000c0700000, 0x00000000c0600000| Untracked 
|   7|0x00000000c0700000, 0x00000000c0800000, 0x00000000c0800000|100%| O|  |TAMS 0x00000000c0800000, 0x00000000c0700000| Untracked 
|   8|0x00000000c0800000, 0x00000000c08fffd0, 0x00000000c0900000| 99%| O|  |TAMS 0x00000000c08fffd0, 0x00000000c0800000| Untracked 
|   9|0x00000000c0900000, 0x00000000c0a00000, 0x00000000c0a00000|100%| O|  |TAMS 0x00000000c0a00000, 0x00000000c0900000| Untracked 
|  10|0x00000000c0a00000, 0x00000000c0b00000, 0x00000000c0b00000|100%|HS|  |TAMS 0x00000000c0b00000, 0x00000000c0a00000| Untracked 
|  11|0x00000000c0b00000, 0x00000000c0c00000, 0x00000000c0c00000|100%|HC|  |TAMS 0x00000000c0c00000, 0x00000000c0b00000| Untracked 
|  12|0x00000000c0c00000, 0x00000000c0d00000, 0x00000000c0d00000|100%| O|  |TAMS 0x00000000c0d00000, 0x00000000c0c00000| Untracked 
|  13|0x00000000c0d00000, 0x00000000c0dfffe8, 0x00000000c0e00000| 99%| O|  |TAMS 0x00000000c0dfffe8, 0x00000000c0d00000| Untracked 
|  14|0x00000000c0e00000, 0x00000000c0effff0, 0x00000000c0f00000| 99%| O|  |TAMS 0x00000000c0effff0, 0x00000000c0e00000| Untracked 
|  15|0x00000000c0f00000, 0x00000000c0fffff8, 0x00000000c1000000| 99%| O|  |TAMS 0x00000000c0fffff8, 0x00000000c0f00000| Untracked 
|  16|0x00000000c1000000, 0x00000000c10fffe0, 0x00000000c1100000| 99%| O|  |TAMS 0x00000000c10fffe0, 0x00000000c1000000| Untracked 
|  17|0x00000000c1100000, 0x00000000c1200000, 0x00000000c1200000|100%| O|  |TAMS 0x00000000c1200000, 0x00000000c1100000| Untracked 
|  18|0x00000000c1200000, 0x00000000c12fffe0, 0x00000000c1300000| 99%| O|  |TAMS 0x00000000c12fffe0, 0x00000000c1200000| Untracked 
|  19|0x00000000c1300000, 0x00000000c13ffff0, 0x00000000c1400000| 99%| O|  |TAMS 0x00000000c13ffff0, 0x00000000c1300000| Untracked 
|  20|0x00000000c1400000, 0x00000000c14ffff8, 0x00000000c1500000| 99%| O|  |TAMS 0x00000000c14ffff8, 0x00000000c1400000| Untracked 
|  21|0x00000000c1500000, 0x00000000c1600000, 0x00000000c1600000|100%| O|  |TAMS 0x00000000c1600000, 0x00000000c1500000| Untracked 
|  22|0x00000000c1600000, 0x00000000c16fc9f0, 0x00000000c1700000| 98%| O|  |TAMS 0x00000000c16fc9f0, 0x00000000c1600000| Untracked 
|  23|0x00000000c1700000, 0x00000000c17fffd8, 0x00000000c1800000| 99%| O|  |TAMS 0x00000000c17fffd8, 0x00000000c1700000| Untracked 
|  24|0x00000000c1800000, 0x00000000c18ffff0, 0x00000000c1900000| 99%| O|  |TAMS 0x00000000c18ffff0, 0x00000000c1800000| Untracked 
|  25|0x00000000c1900000, 0x00000000c19fffe8, 0x00000000c1a00000| 99%| O|  |TAMS 0x00000000c19fffe8, 0x00000000c1900000| Untracked 
|  26|0x00000000c1a00000, 0x00000000c1b00000, 0x00000000c1b00000|100%| O|  |TAMS 0x00000000c1b00000, 0x00000000c1a00000| Untracked 
|  27|0x00000000c1b00000, 0x00000000c1bffff0, 0x00000000c1c00000| 99%| O|  |TAMS 0x00000000c1bffff0, 0x00000000c1b00000| Untracked 
|  28|0x00000000c1c00000, 0x00000000c1cfffd8, 0x00000000c1d00000| 99%| O|  |TAMS 0x00000000c1cfffd8, 0x00000000c1c00000| Untracked 
|  29|0x00000000c1d00000, 0x00000000c1de5bc0, 0x00000000c1e00000| 89%| O|  |TAMS 0x00000000c1d00000, 0x00000000c1d00000| Untracked 
|  30|0x00000000c1e00000, 0x00000000c1f00000, 0x00000000c1f00000|100%|HS|  |TAMS 0x00000000c1f00000, 0x00000000c1e00000| Untracked 
|  31|0x00000000c1f00000, 0x00000000c1fffff8, 0x00000000c2000000| 99%| O|  |TAMS 0x00000000c1fffff8, 0x00000000c1f00000| Untracked 
|  32|0x00000000c2000000, 0x00000000c2100000, 0x00000000c2100000|100%| O|  |TAMS 0x00000000c2100000, 0x00000000c2000000| Untracked 
|  33|0x00000000c2100000, 0x00000000c2200000, 0x00000000c2200000|100%| O|  |TAMS 0x00000000c2200000, 0x00000000c2100000| Untracked 
|  34|0x00000000c2200000, 0x00000000c2300000, 0x00000000c2300000|100%| O|  |TAMS 0x00000000c2300000, 0x00000000c2200000| Untracked 
|  35|0x00000000c2300000, 0x00000000c2400000, 0x00000000c2400000|100%| O|  |TAMS 0x00000000c2400000, 0x00000000c2300000| Untracked 
|  36|0x00000000c2400000, 0x00000000c24589e0, 0x00000000c2500000| 34%| O|  |TAMS 0x00000000c2400000, 0x00000000c2400000| Untracked 
|  37|0x00000000c2500000, 0x00000000c25ffff8, 0x00000000c2600000| 99%| O|  |TAMS 0x00000000c25ffff8, 0x00000000c2500000| Untracked 
|  38|0x00000000c2600000, 0x00000000c2700000, 0x00000000c2700000|100%| O|  |TAMS 0x00000000c2700000, 0x00000000c2600000| Untracked 
|  39|0x00000000c2700000, 0x00000000c2700000, 0x00000000c2800000|  0%| F|  |TAMS 0x00000000c2700000, 0x00000000c2700000| Untracked 
|  40|0x00000000c2800000, 0x00000000c2800000, 0x00000000c2900000|  0%| F|  |TAMS 0x00000000c2800000, 0x00000000c2800000| Untracked 
|  41|0x00000000c2900000, 0x00000000c2900000, 0x00000000c2a00000|  0%| F|  |TAMS 0x00000000c2900000, 0x00000000c2900000| Untracked 
|  42|0x00000000c2a00000, 0x00000000c2a00000, 0x00000000c2b00000|  0%| F|  |TAMS 0x00000000c2a00000, 0x00000000c2a00000| Untracked 
|  43|0x00000000c2b00000, 0x00000000c2b00000, 0x00000000c2c00000|  0%| F|  |TAMS 0x00000000c2b00000, 0x00000000c2b00000| Untracked 
|  44|0x00000000c2c00000, 0x00000000c2c00000, 0x00000000c2d00000|  0%| F|  |TAMS 0x00000000c2c00000, 0x00000000c2c00000| Untracked 
|  45|0x00000000c2d00000, 0x00000000c2d00000, 0x00000000c2e00000|  0%| F|  |TAMS 0x00000000c2d00000, 0x00000000c2d00000| Untracked 
|  46|0x00000000c2e00000, 0x00000000c2e00000, 0x00000000c2f00000|  0%| F|  |TAMS 0x00000000c2e00000, 0x00000000c2e00000| Untracked 
|  47|0x00000000c2f00000, 0x00000000c2f00000, 0x00000000c3000000|  0%| F|  |TAMS 0x00000000c2f00000, 0x00000000c2f00000| Untracked 
|  48|0x00000000c3000000, 0x00000000c3000000, 0x00000000c3100000|  0%| F|  |TAMS 0x00000000c3000000, 0x00000000c3000000| Untracked 
|  49|0x00000000c3100000, 0x00000000c3100000, 0x00000000c3200000|  0%| F|  |TAMS 0x00000000c3100000, 0x00000000c3100000| Untracked 
|  50|0x00000000c3200000, 0x00000000c3200000, 0x00000000c3300000|  0%| F|  |TAMS 0x00000000c3200000, 0x00000000c3200000| Untracked 
|  51|0x00000000c3300000, 0x00000000c3300000, 0x00000000c3400000|  0%| F|  |TAMS 0x00000000c3300000, 0x00000000c3300000| Untracked 
|  52|0x00000000c3400000, 0x00000000c3400000, 0x00000000c3500000|  0%| F|  |TAMS 0x00000000c3400000, 0x00000000c3400000| Untracked 
|  53|0x00000000c3500000, 0x00000000c3500000, 0x00000000c3600000|  0%| F|  |TAMS 0x00000000c3500000, 0x00000000c3500000| Untracked 
|  54|0x00000000c3600000, 0x00000000c3600000, 0x00000000c3700000|  0%| F|  |TAMS 0x00000000c3600000, 0x00000000c3600000| Untracked 
|  55|0x00000000c3700000, 0x00000000c3700000, 0x00000000c3800000|  0%| F|  |TAMS 0x00000000c3700000, 0x00000000c3700000| Untracked 
|  56|0x00000000c3800000, 0x00000000c3800000, 0x00000000c3900000|  0%| F|  |TAMS 0x00000000c3800000, 0x00000000c3800000| Untracked 
|  57|0x00000000c3900000, 0x00000000c3900000, 0x00000000c3a00000|  0%| F|  |TAMS 0x00000000c3900000, 0x00000000c3900000| Untracked 
|  58|0x00000000c3a00000, 0x00000000c3a00000, 0x00000000c3b00000|  0%| F|  |TAMS 0x00000000c3a00000, 0x00000000c3a00000| Untracked 
|  59|0x00000000c3b00000, 0x00000000c3b00000, 0x00000000c3c00000|  0%| F|  |TAMS 0x00000000c3b00000, 0x00000000c3b00000| Untracked 
|  60|0x00000000c3c00000, 0x00000000c3c00000, 0x00000000c3d00000|  0%| F|  |TAMS 0x00000000c3c00000, 0x00000000c3c00000| Untracked 
|  61|0x00000000c3d00000, 0x00000000c3d00000, 0x00000000c3e00000|  0%| F|  |TAMS 0x00000000c3d00000, 0x00000000c3d00000| Untracked 
|  62|0x00000000c3e00000, 0x00000000c3e00000, 0x00000000c3f00000|  0%| F|  |TAMS 0x00000000c3e00000, 0x00000000c3e00000| Untracked 
|  63|0x00000000c3f00000, 0x00000000c3f00000, 0x00000000c4000000|  0%| F|  |TAMS 0x00000000c3f00000, 0x00000000c3f00000| Untracked 
|  64|0x00000000c4000000, 0x00000000c4000000, 0x00000000c4100000|  0%| F|  |TAMS 0x00000000c4000000, 0x00000000c4000000| Untracked 
|  65|0x00000000c4100000, 0x00000000c4100000, 0x00000000c4200000|  0%| F|  |TAMS 0x00000000c4100000, 0x00000000c4100000| Untracked 
|  66|0x00000000c4200000, 0x00000000c4200000, 0x00000000c4300000|  0%| F|  |TAMS 0x00000000c4200000, 0x00000000c4200000| Untracked 
|  67|0x00000000c4300000, 0x00000000c4300000, 0x00000000c4400000|  0%| F|  |TAMS 0x00000000c4300000, 0x00000000c4300000| Untracked 
|  68|0x00000000c4400000, 0x00000000c4400000, 0x00000000c4500000|  0%| F|  |TAMS 0x00000000c4400000, 0x00000000c4400000| Untracked 
|  69|0x00000000c4500000, 0x00000000c4500000, 0x00000000c4600000|  0%| F|  |TAMS 0x00000000c4500000, 0x00000000c4500000| Untracked 
|  70|0x00000000c4600000, 0x00000000c4600000, 0x00000000c4700000|  0%| F|  |TAMS 0x00000000c4600000, 0x00000000c4600000| Untracked 
|  71|0x00000000c4700000, 0x00000000c4700000, 0x00000000c4800000|  0%| F|  |TAMS 0x00000000c4700000, 0x00000000c4700000| Untracked 
|  72|0x00000000c4800000, 0x00000000c4800000, 0x00000000c4900000|  0%| F|  |TAMS 0x00000000c4800000, 0x00000000c4800000| Untracked 
|  73|0x00000000c4900000, 0x00000000c4900000, 0x00000000c4a00000|  0%| F|  |TAMS 0x00000000c4900000, 0x00000000c4900000| Untracked 
|  74|0x00000000c4a00000, 0x00000000c4a00000, 0x00000000c4b00000|  0%| F|  |TAMS 0x00000000c4a00000, 0x00000000c4a00000| Untracked 
|  75|0x00000000c4b00000, 0x00000000c4b00000, 0x00000000c4c00000|  0%| F|  |TAMS 0x00000000c4b00000, 0x00000000c4b00000| Untracked 
|  76|0x00000000c4c00000, 0x00000000c4c00000, 0x00000000c4d00000|  0%| F|  |TAMS 0x00000000c4c00000, 0x00000000c4c00000| Untracked 
|  77|0x00000000c4d00000, 0x00000000c4d00000, 0x00000000c4e00000|  0%| F|  |TAMS 0x00000000c4d00000, 0x00000000c4d00000| Untracked 
|  78|0x00000000c4e00000, 0x00000000c4e00000, 0x00000000c4f00000|  0%| F|  |TAMS 0x00000000c4e00000, 0x00000000c4e00000| Untracked 
|  79|0x00000000c4f00000, 0x00000000c4f00000, 0x00000000c5000000|  0%| F|  |TAMS 0x00000000c4f00000, 0x00000000c4f00000| Untracked 
|  80|0x00000000c5000000, 0x00000000c5000000, 0x00000000c5100000|  0%| F|  |TAMS 0x00000000c5000000, 0x00000000c5000000| Untracked 
|  81|0x00000000c5100000, 0x00000000c5100000, 0x00000000c5200000|  0%| F|  |TAMS 0x00000000c5100000, 0x00000000c5100000| Untracked 
| 212|0x00000000cd400000, 0x00000000cd400000, 0x00000000cd500000|  0%| F|  |TAMS 0x00000000cd400000, 0x00000000cd400000| Untracked 
| 213|0x00000000cd500000, 0x00000000cd500000, 0x00000000cd600000|  0%| F|  |TAMS 0x00000000cd500000, 0x00000000cd500000| Untracked 
| 214|0x00000000cd600000, 0x00000000cd600000, 0x00000000cd700000|  0%| F|  |TAMS 0x00000000cd600000, 0x00000000cd600000| Untracked 
| 215|0x00000000cd700000, 0x00000000cd700000, 0x00000000cd800000|  0%| F|  |TAMS 0x00000000cd700000, 0x00000000cd700000| Untracked 
| 216|0x00000000cd800000, 0x00000000cd800000, 0x00000000cd900000|  0%| F|  |TAMS 0x00000000cd800000, 0x00000000cd800000| Untracked 
| 217|0x00000000cd900000, 0x00000000cd900000, 0x00000000cda00000|  0%| F|  |TAMS 0x00000000cd900000, 0x00000000cd900000| Untracked 
| 254|0x00000000cfe00000, 0x00000000cfe00000, 0x00000000cff00000|  0%| F|  |TAMS 0x00000000cfe00000, 0x00000000cfe00000| Untracked 
| 255|0x00000000cff00000, 0x00000000cff1c6e8, 0x00000000d0000000| 11%| E|  |TAMS 0x00000000cff00000, 0x00000000cff00000| Complete 

Card table byte_map: [0x000001dd7dd30000,0x000001dd7df30000] _byte_map_base: 0x000001dd7d730000

Marking Bits (Prev, Next): (CMBitMap*) 0x000001dd7623ff10, (CMBitMap*) 0x000001dd7623fed0
 Prev Bits: [0x000001dd00000000, 0x000001dd01000000)
 Next Bits: [0x000001dd7e130000, 0x000001dd7f130000)

Polling page: 0x000001dd762b0000

Metaspace:

Usage:
  Non-class:     49.60 MB used.
      Class:      7.02 MB used.
       Both:     56.62 MB used.

Virtual space:
  Non-class space:       64.00 MB reserved,      50.00 MB ( 78%) committed,  1 nodes.
      Class space:        1.00 GB reserved,       7.31 MB ( <1%) committed,  1 nodes.
             Both:        1.06 GB reserved,      57.31 MB (  5%) committed. 

Chunk freelists:
   Non-Class:  13.37 MB
       Class:  8.62 MB
        Both:  21.99 MB

MaxMetaspaceSize: unlimited
CompressedClassSpaceSize: 1.00 GB
Initial GC threshold: 21.00 MB
Current GC threshold: 95.56 MB
CDS: off
MetaspaceReclaimPolicy: balanced
 - commit_granule_bytes: 65536.
 - commit_granule_words: 8192.
 - virtual_space_node_default_size: 8388608.
 - enlarge_chunks_in_place: 1.
 - new_chunks_are_fully_committed: 0.
 - uncommit_free_chunks: 1.
 - use_allocation_guard: 0.
 - handle_deallocations: 1.


Internal statistics:

num_allocs_failed_limit: 6.
num_arena_births: 650.
num_arena_deaths: 226.
num_vsnodes_births: 2.
num_vsnodes_deaths: 0.
num_space_committed: 917.
num_space_uncommitted: 0.
num_chunks_returned_to_freelist: 271.
num_chunks_taken_from_freelist: 2425.
num_chunk_merges: 88.
num_chunk_splits: 1708.
num_chunks_enlarged: 1316.
num_inconsistent_stats: 0.

CodeCache: size=49152Kb used=11145Kb max_used=11677Kb free=38006Kb
 bounds [0x000001dd7a690000, 0x000001dd7b200000, 0x000001dd7d690000]
 total_blobs=6760 nmethods=6086 adapters=599
 compilation: enabled
              stopped_count=0, restarted_count=0
 full_count=0

Compilation events (20 events):
Event: 7114.964 Thread 0x000001dd7f7bf180 6090       1       java.util.logging.Level::intValue (5 bytes)
Event: 7114.964 Thread 0x000001dd7f7bf180 nmethod 6090 0x000001dd7abd7e10 code [0x000001dd7abd7fa0, 0x000001dd7abd8078]
Event: 7115.003 Thread 0x000001dd7f7bf180 6095       1       org.eclipse.jdt.internal.compiler.lookup.TypeSystem::getWildcard (427 bytes)
Event: 7115.005 Thread 0x000001dd7f7bf180 nmethod 6095 0x000001dd7abd6190 code [0x000001dd7abd6460, 0x000001dd7abd7528]
Event: 7115.006 Thread 0x000001dd7f7bf180 6096       1       org.eclipse.jdt.internal.compiler.lookup.BinaryTypeBinding::resolveTypeFor (86 bytes)
Event: 7115.006 Thread 0x000001dd7f7bf180 nmethod 6096 0x000001dd7abd5c90 code [0x000001dd7abd5e40, 0x000001dd7abd6098]
Event: 7115.011 Thread 0x000001dd7f7bf180 6097       1       org.eclipse.jdt.core.dom.AbstractTypeDeclaration::bodyDeclarations (5 bytes)
Event: 7115.011 Thread 0x000001dd7f7bf180 nmethod 6097 0x000001dd7abd5990 code [0x000001dd7abd5b20, 0x000001dd7abd5bf8]
Event: 7115.012 Thread 0x000001dd7f7bf180 6098       1       org.springframework.ide.vscode.boot.java.utils.SpringIndexerJavaContext::getDocRef (5 bytes)
Event: 7115.012 Thread 0x000001dd7f7bf180 nmethod 6098 0x000001dd7abd5690 code [0x000001dd7abd5820, 0x000001dd7abd58f8]
Event: 7115.012 Thread 0x000001dd7f7bf180 6099       1       org.springframework.ide.vscode.boot.java.utils.SpringIndexerJavaContext::getContent (5 bytes)
Event: 7115.012 Thread 0x000001dd7f7bf180 nmethod 6099 0x000001dd7abd5390 code [0x000001dd7abd5520, 0x000001dd7abd55f8]
Event: 7115.012 Thread 0x000001dd7f7bf180 6100       1       org.eclipse.jdt.internal.compiler.lookup.AnnotationHolder::getAnnotations (5 bytes)
Event: 7115.012 Thread 0x000001dd7f7bf180 nmethod 6100 0x000001dd7abd5090 code [0x000001dd7abd5220, 0x000001dd7abd52f8]
Event: 7115.016 Thread 0x000001dd7f7bf180 6101       1       org.eclipse.jdt.internal.compiler.lookup.AnnotationBinding::setMethodBindings (48 bytes)
Event: 7115.016 Thread 0x000001dd7f7bf180 nmethod 6101 0x000001dd7abd4b90 code [0x000001dd7abd4d40, 0x000001dd7abd4f28]
Event: 7115.016 Thread 0x000001dd7f7bf180 6102       1       java.lang.Class::getEnclosingMethodInfo (20 bytes)
Event: 7115.016 Thread 0x000001dd7f7bf180 nmethod 6102 0x000001dd7abd4790 code [0x000001dd7abd4940, 0x000001dd7abd4ad8]
Event: 7115.016 Thread 0x000001dd7f7bf180 6103       1       java.lang.String::encodeUTF8 (141 bytes)
Event: 7115.017 Thread 0x000001dd7f7bf180 nmethod 6103 0x000001dd7abd3e10 code [0x000001dd7abd4000, 0x000001dd7abd4588]

GC Heap History (20 events):
Event: 7147.715 GC heap before
{Heap before GC invocations=688 (full 669):
 garbage-first heap   total 92160K, used 49200K [0x00000000c0000000, 0x0000000100000000)
  region size 1024K, 11 young (11264K), 0 survivors (0K)
 Metaspace       used 57979K, committed 58688K, reserved 1114112K
  class space    used 7185K, committed 7488K, reserved 1048576K
}
Event: 7147.760 GC heap after
{Heap after GC invocations=689 (full 670):
 garbage-first heap   total 92160K, used 39708K [0x00000000c0000000, 0x0000000100000000)
  region size 1024K, 0 young (0K), 0 survivors (0K)
 Metaspace       used 57979K, committed 58688K, reserved 1114112K
  class space    used 7185K, committed 7488K, reserved 1048576K
}
Event: 7158.475 GC heap before
{Heap before GC invocations=689 (full 670):
 garbage-first heap   total 92160K, used 39708K [0x00000000c0000000, 0x0000000100000000)
  region size 1024K, 1 young (1024K), 0 survivors (0K)
 Metaspace       used 57979K, committed 58688K, reserved 1114112K
  class space    used 7185K, committed 7488K, reserved 1048576K
}
Event: 7158.932 GC heap after
{Heap after GC invocations=690 (full 671):
 garbage-first heap   total 92160K, used 39149K [0x00000000c0000000, 0x0000000100000000)
  region size 1024K, 0 young (0K), 0 survivors (0K)
 Metaspace       used 57974K, committed 58688K, reserved 1114112K
  class space    used 7183K, committed 7488K, reserved 1048576K
}
Event: 7169.343 GC heap before
{Heap before GC invocations=690 (full 671):
 garbage-first heap   total 92160K, used 39149K [0x00000000c0000000, 0x0000000100000000)
  region size 1024K, 1 young (1024K), 0 survivors (0K)
 Metaspace       used 57974K, committed 58688K, reserved 1114112K
  class space    used 7183K, committed 7488K, reserved 1048576K
}
Event: 7169.394 GC heap after
{Heap after GC invocations=691 (full 672):
 garbage-first heap   total 92160K, used 39149K [0x00000000c0000000, 0x0000000100000000)
  region size 1024K, 0 young (0K), 0 survivors (0K)
 Metaspace       used 57974K, committed 58688K, reserved 1114112K
  class space    used 7183K, committed 7488K, reserved 1048576K
}
Event: 7179.662 GC heap before
{Heap before GC invocations=691 (full 672):
 garbage-first heap   total 92160K, used 39149K [0x00000000c0000000, 0x0000000100000000)
  region size 1024K, 1 young (1024K), 0 survivors (0K)
 Metaspace       used 57974K, committed 58688K, reserved 1114112K
  class space    used 7183K, committed 7488K, reserved 1048576K
}
Event: 7179.698 GC heap after
{Heap after GC invocations=692 (full 673):
 garbage-first heap   total 92160K, used 39147K [0x00000000c0000000, 0x0000000100000000)
  region size 1024K, 0 young (0K), 0 survivors (0K)
 Metaspace       used 57974K, committed 58688K, reserved 1114112K
  class space    used 7183K, committed 7488K, reserved 1048576K
}
Event: 7191.003 GC heap before
{Heap before GC invocations=692 (full 673):
 garbage-first heap   total 92160K, used 39147K [0x00000000c0000000, 0x0000000100000000)
  region size 1024K, 1 young (1024K), 0 survivors (0K)
 Metaspace       used 57974K, committed 58688K, reserved 1114112K
  class space    used 7183K, committed 7488K, reserved 1048576K
}
Event: 7191.037 GC heap after
{Heap after GC invocations=693 (full 674):
 garbage-first heap   total 92160K, used 39147K [0x00000000c0000000, 0x0000000100000000)
  region size 1024K, 0 young (0K), 0 survivors (0K)
 Metaspace       used 57974K, committed 58688K, reserved 1114112K
  class space    used 7183K, committed 7488K, reserved 1048576K
}
Event: 7201.267 GC heap before
{Heap before GC invocations=693 (full 674):
 garbage-first heap   total 92160K, used 39147K [0x00000000c0000000, 0x0000000100000000)
  region size 1024K, 1 young (1024K), 0 survivors (0K)
 Metaspace       used 57974K, committed 58688K, reserved 1114112K
  class space    used 7183K, committed 7488K, reserved 1048576K
}
Event: 7201.294 GC heap after
{Heap after GC invocations=694 (full 675):
 garbage-first heap   total 92160K, used 39147K [0x00000000c0000000, 0x0000000100000000)
  region size 1024K, 0 young (0K), 0 survivors (0K)
 Metaspace       used 57974K, committed 58688K, reserved 1114112K
  class space    used 7183K, committed 7488K, reserved 1048576K
}
Event: 7211.498 GC heap before
{Heap before GC invocations=694 (full 675):
 garbage-first heap   total 92160K, used 39147K [0x00000000c0000000, 0x0000000100000000)
  region size 1024K, 1 young (1024K), 0 survivors (0K)
 Metaspace       used 57974K, committed 58688K, reserved 1114112K
  class space    used 7183K, committed 7488K, reserved 1048576K
}
Event: 7211.523 GC heap after
{Heap after GC invocations=695 (full 676):
 garbage-first heap   total 92160K, used 39147K [0x00000000c0000000, 0x0000000100000000)
  region size 1024K, 0 young (0K), 0 survivors (0K)
 Metaspace       used 57974K, committed 58688K, reserved 1114112K
  class space    used 7183K, committed 7488K, reserved 1048576K
}
Event: 7221.693 GC heap before
{Heap before GC invocations=695 (full 676):
 garbage-first heap   total 92160K, used 39147K [0x00000000c0000000, 0x0000000100000000)
  region size 1024K, 1 young (1024K), 0 survivors (0K)
 Metaspace       used 57974K, committed 58688K, reserved 1114112K
  class space    used 7183K, committed 7488K, reserved 1048576K
}
Event: 7221.723 GC heap after
{Heap after GC invocations=696 (full 677):
 garbage-first heap   total 92160K, used 39147K [0x00000000c0000000, 0x0000000100000000)
  region size 1024K, 0 young (0K), 0 survivors (0K)
 Metaspace       used 57974K, committed 58688K, reserved 1114112K
  class space    used 7183K, committed 7488K, reserved 1048576K
}
Event: 7231.917 GC heap before
{Heap before GC invocations=696 (full 677):
 garbage-first heap   total 92160K, used 39147K [0x00000000c0000000, 0x0000000100000000)
  region size 1024K, 1 young (1024K), 0 survivors (0K)
 Metaspace       used 57974K, committed 58688K, reserved 1114112K
  class space    used 7183K, committed 7488K, reserved 1048576K
}
Event: 7231.955 GC heap after
{Heap after GC invocations=697 (full 678):
 garbage-first heap   total 92160K, used 39147K [0x00000000c0000000, 0x0000000100000000)
  region size 1024K, 0 young (0K), 0 survivors (0K)
 Metaspace       used 57974K, committed 58688K, reserved 1114112K
  class space    used 7183K, committed 7488K, reserved 1048576K
}
Event: 7242.128 GC heap before
{Heap before GC invocations=697 (full 678):
 garbage-first heap   total 92160K, used 39147K [0x00000000c0000000, 0x0000000100000000)
  region size 1024K, 1 young (1024K), 0 survivors (0K)
 Metaspace       used 57974K, committed 58688K, reserved 1114112K
  class space    used 7183K, committed 7488K, reserved 1048576K
}
Event: 7242.154 GC heap after
{Heap after GC invocations=698 (full 679):
 garbage-first heap   total 92160K, used 39147K [0x00000000c0000000, 0x0000000100000000)
  region size 1024K, 0 young (0K), 0 survivors (0K)
 Metaspace       used 57974K, committed 58688K, reserved 1114112K
  class space    used 7183K, committed 7488K, reserved 1048576K
}

Dll operation events (10 events):
Event: 0.008 Loaded shared library c:\Users\user\.vscode\extensions\redhat.java-1.28.1-win32-x64\jre\17.0.10-win32-x86_64\bin\java.dll
Event: 0.777 Loaded shared library C:\Users\user\.vscode\extensions\redhat.java-1.28.1-win32-x64\jre\17.0.10-win32-x86_64\bin\net.dll
Event: 0.780 Loaded shared library C:\Users\user\.vscode\extensions\redhat.java-1.28.1-win32-x64\jre\17.0.10-win32-x86_64\bin\nio.dll
Event: 1.150 Loaded shared library C:\Users\user\.vscode\extensions\redhat.java-1.28.1-win32-x64\jre\17.0.10-win32-x86_64\bin\zip.dll
Event: 16.441 Loaded shared library C:\Users\user\.vscode\extensions\redhat.java-1.28.1-win32-x64\jre\17.0.10-win32-x86_64\bin\jimage.dll
Event: 19.456 Loaded shared library c:\Users\user\.vscode\extensions\redhat.java-1.28.1-win32-x64\jre\17.0.10-win32-x86_64\bin\verify.dll
Event: 26.286 Loaded shared library C:\Users\user\.vscode\extensions\redhat.java-1.28.1-win32-x64\jre\17.0.10-win32-x86_64\bin\management.dll
Event: 26.290 Loaded shared library C:\Users\user\.vscode\extensions\redhat.java-1.28.1-win32-x64\jre\17.0.10-win32-x86_64\bin\management_ext.dll
Event: 27.499 Loaded shared library C:\Users\user\.vscode\extensions\redhat.java-1.28.1-win32-x64\jre\17.0.10-win32-x86_64\bin\sunmscapi.dll
Event: 27.858 Loaded shared library C:\Users\user\.vscode\extensions\redhat.java-1.28.1-win32-x64\jre\17.0.10-win32-x86_64\bin\extnet.dll

Deoptimization events (14 events):
Event: 26.602 Thread 0x000001dd082545a0 DEOPT PACKING pc=0x000001dd7ab29981 sp=0x00000021fd0fde60
Event: 26.602 Thread 0x000001dd082545a0 DEOPT UNPACKING pc=0x000001dd7a6e7124 sp=0x00000021fd0fd2f0 mode 3
Event: 26.603 Thread 0x000001dd07627030 DEOPT PACKING pc=0x000001dd7ab07717 sp=0x00000021fd2fef30
Event: 26.603 Thread 0x000001dd07627030 DEOPT UNPACKING pc=0x000001dd7a6e7124 sp=0x00000021fd2fe388 mode 3
Event: 27.615 Thread 0x000001dd07793660 DEOPT PACKING pc=0x000001dd7a7f128c sp=0x00000021fdefa830
Event: 27.615 Thread 0x000001dd07793660 DEOPT UNPACKING pc=0x000001dd7a6e7124 sp=0x00000021fdef9cf8 mode 0
Event: 28.156 Thread 0x000001dd07794080 DEOPT PACKING pc=0x000001dd7b11fb0c sp=0x00000021fd5fe480
Event: 28.156 Thread 0x000001dd07794080 DEOPT UNPACKING pc=0x000001dd7a6e7124 sp=0x00000021fd5fda00 mode 0
Event: 28.156 Thread 0x000001dd07794080 DEOPT PACKING pc=0x000001dd7b11fb0c sp=0x00000021fd5fe6e0
Event: 28.156 Thread 0x000001dd07794080 DEOPT UNPACKING pc=0x000001dd7a6e7124 sp=0x00000021fd5fdc60 mode 0
Event: 28.158 Thread 0x000001dd07794080 DEOPT PACKING pc=0x000001dd7b11fb0c sp=0x00000021fd5feb30
Event: 28.158 Thread 0x000001dd07794080 DEOPT UNPACKING pc=0x000001dd7a6e7124 sp=0x00000021fd5fe0b0 mode 0
Event: 2072.827 Thread 0x000001dd082545a0 DEOPT PACKING pc=0x000001dd7ac8c754 sp=0x00000021fd0ff010
Event: 2072.827 Thread 0x000001dd082545a0 DEOPT UNPACKING pc=0x000001dd7a6e7124 sp=0x00000021fd0fe498 mode 0

Classes unloaded (20 events):
Event: 86.845 Thread 0x000001dd7f778360 Unloading class 0x0000000100095800 'java/lang/invoke/LambdaForm$MH+0x0000000100095800'
Event: 86.845 Thread 0x000001dd7f778360 Unloading class 0x0000000100095400 'java/lang/invoke/LambdaForm$MH+0x0000000100095400'
Event: 86.845 Thread 0x000001dd7f778360 Unloading class 0x0000000100095000 'java/lang/invoke/LambdaForm$MH+0x0000000100095000'
Event: 86.845 Thread 0x000001dd7f778360 Unloading class 0x0000000100094c00 'java/lang/invoke/LambdaForm$MH+0x0000000100094c00'
Event: 86.845 Thread 0x000001dd7f778360 Unloading class 0x0000000100094800 'java/lang/invoke/LambdaForm$MH+0x0000000100094800'
Event: 86.845 Thread 0x000001dd7f778360 Unloading class 0x0000000100094400 'java/lang/invoke/LambdaForm$MH+0x0000000100094400'
Event: 86.845 Thread 0x000001dd7f778360 Unloading class 0x000000010008e800 'java/lang/invoke/LambdaForm$MH+0x000000010008e800'
Event: 86.845 Thread 0x000001dd7f778360 Unloading class 0x000000010008e400 'java/lang/invoke/LambdaForm$MH+0x000000010008e400'
Event: 86.845 Thread 0x000001dd7f778360 Unloading class 0x000000010008e000 'java/lang/invoke/LambdaForm$MH+0x000000010008e000'
Event: 86.845 Thread 0x000001dd7f778360 Unloading class 0x000000010008dc00 'java/lang/invoke/LambdaForm$MH+0x000000010008dc00'
Event: 86.845 Thread 0x000001dd7f778360 Unloading class 0x000000010008d800 'java/lang/invoke/LambdaForm$MH+0x000000010008d800'
Event: 86.845 Thread 0x000001dd7f778360 Unloading class 0x000000010008d400 'java/lang/invoke/LambdaForm$MH+0x000000010008d400'
Event: 86.845 Thread 0x000001dd7f778360 Unloading class 0x000000010008cc00 'java/lang/invoke/LambdaForm$MH+0x000000010008cc00'
Event: 86.845 Thread 0x000001dd7f778360 Unloading class 0x000000010008c800 'java/lang/invoke/LambdaForm$MH+0x000000010008c800'
Event: 86.845 Thread 0x000001dd7f778360 Unloading class 0x000000010008c000 'java/lang/invoke/LambdaForm$MH+0x000000010008c000'
Event: 86.845 Thread 0x000001dd7f778360 Unloading class 0x000000010008bc00 'java/lang/invoke/LambdaForm$MH+0x000000010008bc00'
Event: 86.845 Thread 0x000001dd7f778360 Unloading class 0x0000000100088400 'java/lang/invoke/LambdaForm$MH+0x0000000100088400'
Event: 7158.492 Thread 0x000001dd7f778360 Unloading class 0x0000000100540000 'java/lang/invoke/LambdaForm$MH+0x0000000100540000'
Event: 7158.500 Thread 0x000001dd7f778360 Unloading class 0x0000000100551000 'java/lang/invoke/LambdaForm$MH+0x0000000100551000'
Event: 7158.500 Thread 0x000001dd7f778360 Unloading class 0x0000000100551800 'java/lang/invoke/LambdaForm$MH+0x0000000100551800'

Classes redefined (0 events):
No events

Internal exceptions (20 events):
Event: 27.591 Thread 0x000001dd07796900 Exception <a 'java/lang/NoSuchMethodError'{0x00000000cd9e9e08}: 'int java.lang.invoke.DirectMethodHandle$Holder.invokeSpecialIFC(java.lang.Object, java.lang.Object, java.lang.Object)'> (0x00000000cd9e9e08) 
thrown [s\src\hotspot\share\interpreter\linkResolver.cpp, line 759]
Event: 27.610 Thread 0x000001dd07793660 Exception <a 'sun/nio/fs/WindowsException'{0x00000000cd5d9f60}> (0x00000000cd5d9f60) 
thrown [s\src\hotspot\share\prims\jni.cpp, line 516]
Event: 27.709 Thread 0x000001dd07796900 Exception <a 'java/lang/NoSuchMethodError'{0x00000000c4970ac8}: 'int java.lang.invoke.DirectMethodHandle$Holder.invokeStatic(java.lang.Object, int, java.lang.Object)'> (0x00000000c4970ac8) 
thrown [s\src\hotspot\share\interpreter\linkResolver.cpp, line 759]
Event: 28.173 Thread 0x000001dd07794080 Exception <a 'sun/nio/fs/WindowsException'{0x00000000c46cda78}> (0x00000000c46cda78) 
thrown [s\src\hotspot\share\prims\jni.cpp, line 516]
Event: 28.173 Thread 0x000001dd07794080 Exception <a 'sun/nio/fs/WindowsException'{0x00000000c46ce3b8}> (0x00000000c46ce3b8) 
thrown [s\src\hotspot\share\prims\jni.cpp, line 516]
Event: 28.173 Thread 0x000001dd07794080 Exception <a 'sun/nio/fs/WindowsException'{0x00000000c46cecc8}> (0x00000000c46cecc8) 
thrown [s\src\hotspot\share\prims\jni.cpp, line 516]
Event: 28.173 Thread 0x000001dd07794080 Exception <a 'sun/nio/fs/WindowsException'{0x00000000c46cf608}> (0x00000000c46cf608) 
thrown [s\src\hotspot\share\prims\jni.cpp, line 516]
Event: 28.173 Thread 0x000001dd07794080 Exception <a 'sun/nio/fs/WindowsException'{0x00000000c46d0030}> (0x00000000c46d0030) 
thrown [s\src\hotspot\share\prims\jni.cpp, line 516]
Event: 28.173 Thread 0x000001dd07794080 Exception <a 'sun/nio/fs/WindowsException'{0x00000000c46d0ac8}> (0x00000000c46d0ac8) 
thrown [s\src\hotspot\share\prims\jni.cpp, line 516]
Event: 28.174 Thread 0x000001dd07794080 Exception <a 'sun/nio/fs/WindowsException'{0x00000000c46d7b60}> (0x00000000c46d7b60) 
thrown [s\src\hotspot\share\prims\jni.cpp, line 516]
Event: 28.174 Thread 0x000001dd07794080 Exception <a 'sun/nio/fs/WindowsException'{0x00000000c46d84a0}> (0x00000000c46d84a0) 
thrown [s\src\hotspot\share\prims\jni.cpp, line 516]
Event: 28.174 Thread 0x000001dd07794080 Exception <a 'sun/nio/fs/WindowsException'{0x00000000c46d8db0}> (0x00000000c46d8db0) 
thrown [s\src\hotspot\share\prims\jni.cpp, line 516]
Event: 28.174 Thread 0x000001dd07794080 Exception <a 'sun/nio/fs/WindowsException'{0x00000000c46d96f0}> (0x00000000c46d96f0) 
thrown [s\src\hotspot\share\prims\jni.cpp, line 516]
Event: 28.175 Thread 0x000001dd07794080 Exception <a 'sun/nio/fs/WindowsException'{0x00000000c46da118}> (0x00000000c46da118) 
thrown [s\src\hotspot\share\prims\jni.cpp, line 516]
Event: 28.175 Thread 0x000001dd07794080 Exception <a 'sun/nio/fs/WindowsException'{0x00000000c46dabb0}> (0x00000000c46dabb0) 
thrown [s\src\hotspot\share\prims\jni.cpp, line 516]
Event: 66.296 Thread 0x000001dd08237320 Exception <a 'java/lang/NoSuchMethodError'{0x00000000c4ea43a8}: 'void java.lang.invoke.DirectMethodHandle$Holder.invokeStatic(java.lang.Object, long)'> (0x00000000c4ea43a8) 
thrown [s\src\hotspot\share\interpreter\linkResolver.cpp, line 759]
Event: 66.297 Thread 0x000001dd08237320 Exception <a 'java/lang/NoSuchMethodError'{0x00000000c4ea9758}: 'java.lang.Object java.lang.invoke.DirectMethodHandle$Holder.newInvokeSpecial(java.lang.Object, long)'> (0x00000000c4ea9758) 
thrown [s\src\hotspot\share\interpreter\linkResolver.cpp, line 759]
Event: 329.238 Thread 0x000001dd077954c0 Exception <a 'java/io/IOException'{0x00000000cff68ff0}> (0x00000000cff68ff0) 
thrown [s\src\hotspot\share\prims\jni.cpp, line 516]
Event: 329.625 Thread 0x000001dd094ce420 Exception <a 'java/io/IOException'{0x00000000cff732a8}> (0x00000000cff732a8) 
thrown [s\src\hotspot\share\prims\jni.cpp, line 516]
Event: 330.168 Thread 0x000001dd094ce930 Exception <a 'java/io/IOException'{0x00000000cff791d0}> (0x00000000cff791d0) 
thrown [s\src\hotspot\share\prims\jni.cpp, line 516]

VM Operations (20 events):
Event: 7158.933 Executing VM operation: G1CollectFull done
Event: 7169.343 Executing VM operation: G1CollectFull
Event: 7169.395 Executing VM operation: G1CollectFull done
Event: 7179.662 Executing VM operation: G1CollectFull
Event: 7179.698 Executing VM operation: G1CollectFull done
Event: 7191.002 Executing VM operation: G1CollectFull
Event: 7191.037 Executing VM operation: G1CollectFull done
Event: 7201.267 Executing VM operation: G1CollectFull
Event: 7201.294 Executing VM operation: G1CollectFull done
Event: 7211.498 Executing VM operation: G1CollectFull
Event: 7211.523 Executing VM operation: G1CollectFull done
Event: 7215.712 Executing VM operation: HandshakeAllThreads
Event: 7215.712 Executing VM operation: HandshakeAllThreads done
Event: 7221.693 Executing VM operation: G1CollectFull
Event: 7221.723 Executing VM operation: G1CollectFull done
Event: 7231.917 Executing VM operation: G1CollectFull
Event: 7231.955 Executing VM operation: G1CollectFull done
Event: 7242.128 Executing VM operation: G1CollectFull
Event: 7242.154 Executing VM operation: G1CollectFull done
Event: 7252.302 Executing VM operation: G1CollectFull

Events (20 events):
Event: 4630.577 Thread 0x000001dd094d4960 Thread added: 0x000001dd094d4960
Event: 4630.580 Thread 0x000001dd094cee40 Thread added: 0x000001dd094cee40
Event: 4690.621 Thread 0x000001dd094cee40 Thread exited: 0x000001dd094cee40
Event: 4717.375 Thread 0x000001dd094d4960 Thread exited: 0x000001dd094d4960
Event: 7071.787 Thread 0x000001dd094d1bd0 Thread added: 0x000001dd094d1bd0
Event: 7071.799 Thread 0x000001dd094d0790 Thread added: 0x000001dd094d0790
Event: 7105.781 Thread 0x000001dd094d3520 Thread added: 0x000001dd094d3520
Event: 7106.488 loading class java/util/concurrent/CompletionException
Event: 7106.490 loading class java/util/concurrent/CompletionException done
Event: 7113.718 Thread 0x000001dd094d25f0 Thread added: 0x000001dd094d25f0
Event: 7114.609 loading class java/util/logging/LogRecord
Event: 7114.937 loading class java/util/logging/LogRecord done
Event: 7114.954 Thread 0x000001dd094d11b0 Thread added: 0x000001dd094d11b0
Event: 7114.955 Thread 0x000001dd094d4450 Thread added: 0x000001dd094d4450
Event: 7174.300 Thread 0x000001dd094d0790 Thread exited: 0x000001dd094d0790
Event: 7174.963 Thread 0x000001dd094d25f0 Thread exited: 0x000001dd094d25f0
Event: 7174.963 Thread 0x000001dd094d4450 Thread exited: 0x000001dd094d4450
Event: 7174.963 Thread 0x000001dd094d3520 Thread exited: 0x000001dd094d3520
Event: 7174.963 Thread 0x000001dd094d1bd0 Thread exited: 0x000001dd094d1bd0
Event: 7175.025 Thread 0x000001dd094d11b0 Thread exited: 0x000001dd094d11b0


Dynamic libraries:
0x00007ff6d93b0000 - 0x00007ff6d93be000 	c:\Users\user\.vscode\extensions\redhat.java-1.28.1-win32-x64\jre\17.0.10-win32-x86_64\bin\java.exe
0x00007ffebde70000 - 0x00007ffebe067000 	C:\WINDOWS\SYSTEM32\ntdll.dll
0x00007ffebd240000 - 0x00007ffebd2fd000 	C:\WINDOWS\System32\KERNEL32.DLL
0x00007ffebb820000 - 0x00007ffebbb16000 	C:\WINDOWS\System32\KERNELBASE.dll
0x00007ffeb8e70000 - 0x00007ffeb8f00000 	C:\WINDOWS\SYSTEM32\apphelp.dll
0x00007ffebb600000 - 0x00007ffebb700000 	C:\WINDOWS\System32\ucrtbase.dll
0x00007ffeb36f0000 - 0x00007ffeb3707000 	c:\Users\user\.vscode\extensions\redhat.java-1.28.1-win32-x64\jre\17.0.10-win32-x86_64\bin\jli.dll
0x00007ffebbfa0000 - 0x00007ffebc13e000 	C:\WINDOWS\System32\USER32.dll
0x00007ffebbc70000 - 0x00007ffebbc92000 	C:\WINDOWS\System32\win32u.dll
0x00007ffebc2a0000 - 0x00007ffebc2cc000 	C:\WINDOWS\System32\GDI32.dll
0x00007ffebb700000 - 0x00007ffebb81a000 	C:\WINDOWS\System32\gdi32full.dll
0x00007ffebbe30000 - 0x00007ffebbecd000 	C:\WINDOWS\System32\msvcp_win.dll
0x00007ffeb3660000 - 0x00007ffeb367b000 	c:\Users\user\.vscode\extensions\redhat.java-1.28.1-win32-x64\jre\17.0.10-win32-x86_64\bin\VCRUNTIME140.dll
0x00007ffea41b0000 - 0x00007ffea444a000 	C:\WINDOWS\WinSxS\amd64_microsoft.windows.common-controls_6595b64144ccf1df_6.0.19041.3570_none_60bb2a3971f3e41a\COMCTL32.dll
0x00007ffebd6d0000 - 0x00007ffebd76e000 	C:\WINDOWS\System32\msvcrt.dll
0x00007ffebd930000 - 0x00007ffebd960000 	C:\WINDOWS\System32\IMM32.DLL
0x00007ffeb3db0000 - 0x00007ffeb3dbc000 	c:\Users\user\.vscode\extensions\redhat.java-1.28.1-win32-x64\jre\17.0.10-win32-x86_64\bin\vcruntime140_1.dll
0x00007ffea0f00000 - 0x00007ffea0f8d000 	c:\Users\user\.vscode\extensions\redhat.java-1.28.1-win32-x64\jre\17.0.10-win32-x86_64\bin\msvcp140.dll
0x00007ffe4a4c0000 - 0x00007ffe4b122000 	c:\Users\user\.vscode\extensions\redhat.java-1.28.1-win32-x64\jre\17.0.10-win32-x86_64\bin\server\jvm.dll
0x00007ffebc480000 - 0x00007ffebc52e000 	C:\WINDOWS\System32\ADVAPI32.dll
0x00007ffebd960000 - 0x00007ffebd9fc000 	C:\WINDOWS\System32\sechost.dll
0x00007ffebdc40000 - 0x00007ffebdd66000 	C:\WINDOWS\System32\RPCRT4.dll
0x00007ffebb300000 - 0x00007ffebb34b000 	C:\WINDOWS\SYSTEM32\POWRPROF.dll
0x00007ffea3e70000 - 0x00007ffea3e79000 	C:\WINDOWS\SYSTEM32\WSOCK32.dll
0x00007ffebd300000 - 0x00007ffebd36b000 	C:\WINDOWS\System32\WS2_32.dll
0x00007ffeacbb0000 - 0x00007ffeacbd7000 	C:\WINDOWS\SYSTEM32\WINMM.dll
0x00007ffeb6200000 - 0x00007ffeb620a000 	C:\WINDOWS\SYSTEM32\VERSION.dll
0x00007ffebb2e0000 - 0x00007ffebb2f2000 	C:\WINDOWS\SYSTEM32\UMPDC.dll
0x00007ffeb9330000 - 0x00007ffeb9342000 	C:\WINDOWS\SYSTEM32\kernel.appcore.dll
0x00007ffeb3380000 - 0x00007ffeb338a000 	c:\Users\user\.vscode\extensions\redhat.java-1.28.1-win32-x64\jre\17.0.10-win32-x86_64\bin\jimage.dll
0x00007ffea98e0000 - 0x00007ffea9ac4000 	C:\WINDOWS\SYSTEM32\DBGHELP.DLL
0x00007ffea2e80000 - 0x00007ffea2eb4000 	C:\WINDOWS\SYSTEM32\dbgcore.DLL
0x00007ffebbb20000 - 0x00007ffebbba2000 	C:\WINDOWS\System32\bcryptPrimitives.dll
0x00007ffea9e70000 - 0x00007ffea9e95000 	c:\Users\user\.vscode\extensions\redhat.java-1.28.1-win32-x64\jre\17.0.10-win32-x86_64\bin\java.dll
0x00007ffeab170000 - 0x00007ffeab188000 	c:\Users\user\.vscode\extensions\redhat.java-1.28.1-win32-x64\jre\17.0.10-win32-x86_64\bin\zip.dll
0x00007ffebcae0000 - 0x00007ffebd224000 	C:\WINDOWS\System32\SHELL32.dll
0x00007ffeb9610000 - 0x00007ffeb9dab000 	C:\WINDOWS\SYSTEM32\windows.storage.dll
0x00007ffebd370000 - 0x00007ffebd6c4000 	C:\WINDOWS\System32\combase.dll
0x00007ffebaec0000 - 0x00007ffebaeed000 	C:\WINDOWS\SYSTEM32\Wldp.dll
0x00007ffebc1f0000 - 0x00007ffebc29d000 	C:\WINDOWS\System32\SHCORE.dll
0x00007ffebc530000 - 0x00007ffebc585000 	C:\WINDOWS\System32\shlwapi.dll
0x00007ffebb480000 - 0x00007ffebb4a5000 	C:\WINDOWS\SYSTEM32\profapi.dll
0x00007ffea8470000 - 0x00007ffea8489000 	C:\Users\user\.vscode\extensions\redhat.java-1.28.1-win32-x64\jre\17.0.10-win32-x86_64\bin\net.dll
0x00007ffeb4a60000 - 0x00007ffeb4b6a000 	C:\WINDOWS\SYSTEM32\WINHTTP.dll
0x00007ffebac20000 - 0x00007ffebac8a000 	C:\WINDOWS\system32\mswsock.dll
0x00007ffea8370000 - 0x00007ffea8386000 	C:\Users\user\.vscode\extensions\redhat.java-1.28.1-win32-x64\jre\17.0.10-win32-x86_64\bin\nio.dll
0x00007ffeb7100000 - 0x00007ffeb7110000 	c:\Users\user\.vscode\extensions\redhat.java-1.28.1-win32-x64\jre\17.0.10-win32-x86_64\bin\verify.dll
0x00007ffebae10000 - 0x00007ffebae28000 	C:\WINDOWS\SYSTEM32\CRYPTSP.dll
0x00007ffeba530000 - 0x00007ffeba564000 	C:\WINDOWS\system32\rsaenh.dll
0x00007ffebbe00000 - 0x00007ffebbe27000 	C:\WINDOWS\System32\bcrypt.dll
0x00007ffebb440000 - 0x00007ffebb46e000 	C:\WINDOWS\SYSTEM32\USERENV.dll
0x00007ffebae30000 - 0x00007ffebae3c000 	C:\WINDOWS\SYSTEM32\CRYPTBASE.dll
0x00007ffeba910000 - 0x00007ffeba94b000 	C:\WINDOWS\SYSTEM32\IPHLPAPI.DLL
0x00007ffebd800000 - 0x00007ffebd808000 	C:\WINDOWS\System32\NSI.dll
0x00007ffeb6280000 - 0x00007ffeb6297000 	C:\WINDOWS\SYSTEM32\dhcpcsvc6.DLL
0x00007ffeb6420000 - 0x00007ffeb643d000 	C:\WINDOWS\SYSTEM32\dhcpcsvc.DLL
0x00007ffeba950000 - 0x00007ffebaa1a000 	C:\WINDOWS\SYSTEM32\DNSAPI.dll
0x00007ffeb7150000 - 0x00007ffeb7159000 	C:\Users\user\.vscode\extensions\redhat.java-1.28.1-win32-x64\jre\17.0.10-win32-x86_64\bin\management.dll
0x00007ffeb6f50000 - 0x00007ffeb6f5b000 	C:\Users\user\.vscode\extensions\redhat.java-1.28.1-win32-x64\jre\17.0.10-win32-x86_64\bin\management_ext.dll
0x00007ffebd770000 - 0x00007ffebd778000 	C:\WINDOWS\System32\PSAPI.DLL
0x00007ffeb6f40000 - 0x00007ffeb6f4e000 	C:\Users\user\.vscode\extensions\redhat.java-1.28.1-win32-x64\jre\17.0.10-win32-x86_64\bin\sunmscapi.dll
0x00007ffebbca0000 - 0x00007ffebbdfd000 	C:\WINDOWS\System32\CRYPT32.dll
0x00007ffebaf30000 - 0x00007ffebaf57000 	C:\WINDOWS\SYSTEM32\ncrypt.dll
0x00007ffebaef0000 - 0x00007ffebaf2b000 	C:\WINDOWS\SYSTEM32\NTASN1.dll
0x000000006bf20000 - 0x000000006bf46000 	C:\Program Files\Bonjour\mdnsNSP.dll
0x00007ffeb4ee0000 - 0x00007ffeb4eea000 	C:\Windows\System32\rasadhlp.dll
0x00007ffeaca80000 - 0x00007ffeacb02000 	C:\WINDOWS\System32\fwpuclnt.dll
0x00007ffeb5450000 - 0x00007ffeb5459000 	C:\Users\user\.vscode\extensions\redhat.java-1.28.1-win32-x64\jre\17.0.10-win32-x86_64\bin\extnet.dll

dbghelp: loaded successfully - version: 4.0.5 - missing functions: none
symbol engine: initialized successfully - sym options: 0x614 - pdb path: .;c:\Users\user\.vscode\extensions\redhat.java-1.28.1-win32-x64\jre\17.0.10-win32-x86_64\bin;C:\WINDOWS\SYSTEM32;C:\WINDOWS\WinSxS\amd64_microsoft.windows.common-controls_6595b64144ccf1df_6.0.19041.3570_none_60bb2a3971f3e41a;c:\Users\user\.vscode\extensions\redhat.java-1.28.1-win32-x64\jre\17.0.10-win32-x86_64\bin\server;C:\Program Files\Bonjour

VM Arguments:
jvm_args: -XX:+HeapDumpOnOutOfMemoryError -Xmx1024m -Dsts.lsp.client=vscode -Dsts.log.file=/dev/null -XX:TieredStopAtLevel=1 -Xlog:jni+resolve=off -Dspring.config.location=file:c:\Users\user\.vscode\extensions\vmware.vscode-spring-boot-1.52.0\language-server\BOOT-INF\classes\application.properties 
java_command: org.springframework.ide.vscode.boot.app.BootLanguageServerBootApp
java_class_path (initial): c:\Users\user\.vscode\extensions\vmware.vscode-spring-boot-1.52.0\language-server\BOOT-INF\classes;c:\Users\user\.vscode\extensions\vmware.vscode-spring-boot-1.52.0\language-server\BOOT-INF\lib\annotations-24.1.0.jar;c:\Users\user\.vscode\extensions\vmware.vscode-spring-boot-1.52.0\language-server\BOOT-INF\lib\antlr4-runtime-4.11.1.jar;c:\Users\user\.vscode\extensions\vmware.vscode-spring-boot-1.52.0\language-server\BOOT-INF\lib\asm-9.6.jar;c:\Users\user\.vscode\extensions\vmware.vscode-spring-boot-1.52.0\language-server\BOOT-INF\lib\asm-analysis-9.6.jar;c:\Users\user\.vscode\extensions\vmware.vscode-spring-boot-1.52.0\language-server\BOOT-INF\lib\asm-tree-9.6.jar;c:\Users\user\.vscode\extensions\vmware.vscode-spring-boot-1.52.0\language-server\BOOT-INF\lib\asm-util-9.6.jar;c:\Users\user\.vscode\extensions\vmware.vscode-spring-boot-1.52.0\language-server\BOOT-INF\lib\caffeine-3.1.8.jar;c:\Users\user\.vscode\extensions\vmware.vscode-spring-boot-1.52.0\language-server\BOOT-INF\lib\checker-qual-3.12.0.jar;c:\Users\user\.vscode\extensions\vmware.vscode-spring-boot-1.52.0\language-server\BOOT-INF\lib\classgraph-4.8.149.jar;c:\Users\user\.vscode\extensions\vmware.vscode-spring-boot-1.52.0\language-server\BOOT-INF\lib\commons-codec-1.16.0.jar;c:\Users\user\.vscode\extensions\vmware.vscode-spring-boot-1.52.0\language-server\BOOT-INF\lib\commons-compress-1.25.0.jar;c:\Users\user\.vscode\extensions\vmware.vscode-spring-boot-1.52.0\language-server\BOOT-INF\lib\commons-io-2.4.jar;c:\Users\user\.vscode\extensions\vmware.vscode-spring-boot-1.52.0\language-server\BOOT-INF\lib\commons-java-1.52.0-SNAPSHOT.jar;c:\Users\user\.vscode\extensions\vmware.vscode-spring-boot-1.52.0\language-server\BOOT-INF\lib\commons-lang3-3.13.0.jar;c:\Users\user\.vscode\extensions\vmware.vscode-spring-boot-1.52.0\language-server\BOOT-INF\lib\commons-language-server-1.52.0-SNAPSHOT.jar;c:\Users\user\.vscode\extensions\vmware.vscode-spring-boot-1.52.0\language-server\BOOT-INF\
Launcher Type: SUN_STANDARD

[Global flags]
     intx CICompilerCount                          = 3                                         {product} {ergonomic}
     uint ConcGCThreads                            = 1                                         {product} {ergonomic}
     uint G1ConcRefinementThreads                  = 4                                         {product} {ergonomic}
   size_t G1HeapRegionSize                         = 1048576                                   {product} {ergonomic}
    uintx GCDrainStackTargetSize                   = 64                                        {product} {ergonomic}
     bool HeapDumpOnOutOfMemoryError               = true                                   {manageable} {command line}
   size_t InitialHeapSize                          = 268435456                                 {product} {ergonomic}
   size_t MarkStackSize                            = 4194304                                   {product} {ergonomic}
   size_t MaxHeapSize                              = 1073741824                                {product} {command line}
   size_t MaxNewSize                               = 643825664                                 {product} {ergonomic}
   size_t MinHeapDeltaBytes                        = 1048576                                   {product} {ergonomic}
   size_t MinHeapSize                              = 8388608                                   {product} {ergonomic}
    uintx NonProfiledCodeHeapSize                  = 0                                      {pd product} {ergonomic}
     bool ProfileInterpreter                       = false                                  {pd product} {command line}
    uintx ProfiledCodeHeapSize                     = 0                                      {pd product} {ergonomic}
   size_t SoftMaxHeapSize                          = 1073741824                             {manageable} {ergonomic}
     intx TieredStopAtLevel                        = 1                                         {product} {command line}
     bool UseCompressedClassPointers               = true                           {product lp64_product} {ergonomic}
     bool UseCompressedOops                        = true                           {product lp64_product} {ergonomic}
     bool UseG1GC                                  = true                                      {product} {ergonomic}
     bool UseLargePagesIndividualAllocation        = false                                  {pd product} {ergonomic}

Logging:
Log output configuration:
 #0: stdout all=warning,jni+resolve=off uptime,level,tags
 #1: stderr all=off uptime,level,tags

Environment Variables:
JAVA_HOME=C:\Program Files\Java\jdk-17
PATH=C:\Program Files\Common Files\Oracle\Java\javapath;c:\program files (x86)\common files\oracle\java\javapath;c:\programdata\oracle\java\javapath;c:\windows\system32;c:\windows;c:\windows\system32\wbem;c:\windows\system32\windowspowershell\v1.0\;c:\windows\system32\openssh\;c:\windows\system32;c:\windows;c:\windows\system32\wbem;c:\windows\system32\windowspowershell\v1.0\;c:\windows\system32\openssh\;C:\Program Files\Java\jdk-17\bin;C:\Users\user\Downloads\apache-maven-3.9.6\bin;C:\Program Files\nodejs\;C:\Users\user\AppData\Local\Microsoft\WindowsApps;C:\Users\user\AppData\Local\Programs\Microsoft VS Code\bin;C:\msys64\ucrt64\bin;C:\Users\user\AppData\Roaming\npm
USERNAME=user
OS=Windows_NT
PROCESSOR_IDENTIFIER=Intel64 Family 6 Model 158 Stepping 9, GenuineIntel
TMP=C:\Users\user\AppData\Local\Temp
TEMP=C:\Users\user\AppData\Local\Temp



Periodic native trim disabled


---------------  S Y S T E M  ---------------

OS:
 Windows 10 , 64 bit Build 19041 (10.0.19041.3570)
OS uptime: 19 days 1:55 hours

CPU: total 4 (initial active 4) (2 cores per cpu, 2 threads per core) family 6 model 158 stepping 9 microcode 0xb4, cx8, cmov, fxsr, ht, mmx, 3dnowpref, sse, sse2, sse3, ssse3, sse4.1, sse4.2, popcnt, lzcnt, tsc, tscinvbit, aes, erms, clmul, clflush, clflushopt
Processor Information for all 4 processors :
  Max Mhz: 3500, Current Mhz: 1500, Mhz Limit: 3500

Memory: 4k page, system-wide physical 16343M (479M free)
TotalPageFile size 61156M (AvailPageFile size 13M)
current process WorkingSet (physical memory assigned to process): 134M, peak: 224M
current process commit charge ("private bytes"): 248M, peak: 357M

vm_info: OpenJDK 64-Bit Server VM (17.0.10+7) for windows-amd64 JRE (17.0.10+7), built on Jan 16 2024 23:25:11 by "admin" with MS VC++ 16.10 / 16.11 (VS2019)

END.
